<?xml version="1.0" encoding="UTF-8"?>
<robot generator="Robot 6.1.1 (Python 3.7.4 on win32)" generated="20240124 18:00:47.019" rpa="false" schemaversion="4">
<suite id="s1" name="Buyer Login" source="d:\RobotScriptRivexa\RobotScript_rivexa\Keyword_Testcases\Buyer\Web\Buyer_Login.robot">
<test id="s1-t1" name="TC_BY_02 Validate MJ OPS User Is Able To Approve The Buyer Profile" line="16">
<kw name="Read TestData From Excel" library="common" type="SETUP">
<arg>TC_002</arg>
<arg>Buyer</arg>
<kw name="Get Ms Excel Row Values Into Dictionary Based On Key" library="CustomLibrary">
<var>${test_data}</var>
<arg>${TESTDATA_FOLDER}/Testdata.xlsx</arg>
<arg>${testcaseid}</arg>
<arg>${sheet_name}</arg>
<doc>Returns the dictionary of values given row in the MS Excel file</doc>
<msg timestamp="20240124 18:00:50.464" level="INFO">${test_data} = {'TestCaseNumber': 'TC_002', 'TestCaseName': 'Validate MJ Admin approval for buyer', 'Page': 'MJ OPS', 'User': 'qa-ops.rivexa.com', 'Type': 'MJ OPS', 'Category': 'Profiles', 'Subcategory': 'Category',...</msg>
<status status="PASS" starttime="20240124 18:00:50.395" endtime="20240124 18:00:50.465"/>
</kw>
<kw name="Set Global Variable" library="BuiltIn">
<arg>${test_data}</arg>
<doc>Makes a variable available globally in all tests and suites.</doc>
<msg timestamp="20240124 18:00:50.467" level="INFO">${test_data} = {'TestCaseNumber': 'TC_002', 'TestCaseName': 'Validate MJ Admin approval for buyer', 'Page': 'MJ OPS', 'User': 'qa-ops.rivexa.com', 'Type': 'MJ OPS', 'Category': 'Profiles', 'Subcategory': 'Category',...</msg>
<status status="PASS" starttime="20240124 18:00:50.466" endtime="20240124 18:00:50.467"/>
</kw>
<status status="PASS" starttime="20240124 18:00:50.394" endtime="20240124 18:00:50.467"/>
</kw>
<kw name="Launch Browser" library="common">
<arg>${BROWSERNAME}</arg>
<arg>${MJOPS_URL}</arg>
<doc>Launch the browser in Chrome or firefox.</doc>
<kw name="Open Browser" library="SeleniumLibrary">
<arg>${url}</arg>
<arg>${browser_name}</arg>
<doc>Opens a new browser instance to the optional ``url``.</doc>
<msg timestamp="20240124 18:00:50.471" level="INFO">Opening browser 'chrome' to base url 'https://mjadfs.metaljunction.com/adfs/ls/idpinitiatedsignon.aspx'.</msg>
<status status="PASS" starttime="20240124 18:00:50.470" endtime="20240124 18:00:56.723"/>
</kw>
<kw name="Maximize Browser Window" library="SeleniumLibrary">
<doc>Maximizes current browser window.</doc>
<status status="PASS" starttime="20240124 18:00:56.725" endtime="20240124 18:00:56.931"/>
</kw>
<status status="PASS" starttime="20240124 18:00:50.468" endtime="20240124 18:00:56.932"/>
</kw>
<kw name="Login To The MJ OPS Module" library="common">
<arg>${test_data}[User]</arg>
<kw name="Wait Until Element Is Visible" library="SeleniumLibrary">
<arg>${button.mjadmin.signin}</arg>
<arg>${LONG_WAIT}</arg>
<arg>Login button is not visible</arg>
<doc>Waits until the element ``locator`` is visible.</doc>
<status status="PASS" starttime="20240124 18:00:56.937" endtime="20240124 18:00:57.012"/>
</kw>
<kw name="Wait Until Element Clickable And Click" library="common">
<arg>${button.mjadmin.signin}</arg>
<kw name="Wait Until Keyword Succeeds" library="BuiltIn">
<arg>14s</arg>
<arg>${time_interval}</arg>
<arg>Javascript Click By Xpath</arg>
<arg>${locator}</arg>
<doc>Runs the specified keyword and retries if it fails.</doc>
<kw name="Javascript Click By Xpath" library="CustomLibrary">
<arg>${locator}</arg>
<status status="PASS" starttime="20240124 18:00:57.016" endtime="20240124 18:00:57.059"/>
</kw>
<status status="PASS" starttime="20240124 18:00:57.014" endtime="20240124 18:00:57.060"/>
</kw>
<status status="PASS" starttime="20240124 18:00:57.013" endtime="20240124 18:00:57.060"/>
</kw>
<kw name="Click And Select Label" library="common">
<arg>${dropdown.mjadmin.page}</arg>
<arg>${variable}</arg>
<kw name="Wait Until Element Clickable And Click" library="common">
<arg>${locator}</arg>
<kw name="Wait Until Keyword Succeeds" library="BuiltIn">
<arg>14s</arg>
<arg>${time_interval}</arg>
<arg>Javascript Click By Xpath</arg>
<arg>${locator}</arg>
<doc>Runs the specified keyword and retries if it fails.</doc>
<kw name="Javascript Click By Xpath" library="CustomLibrary">
<arg>${locator}</arg>
<status status="PASS" starttime="20240124 18:00:57.064" endtime="20240124 18:00:57.113"/>
</kw>
<status status="PASS" starttime="20240124 18:00:57.063" endtime="20240124 18:00:57.114"/>
</kw>
<status status="PASS" starttime="20240124 18:00:57.062" endtime="20240124 18:00:57.114"/>
</kw>
<kw name="Wait Until Time" library="CustomLibrary">
<arg>2</arg>
<status status="PASS" starttime="20240124 18:00:57.114" endtime="20240124 18:00:59.122"/>
</kw>
<kw name="Run Keyword And Return Status" library="BuiltIn">
<var>${status}</var>
<arg>SeleniumLibrary.Select From List By Label</arg>
<arg>${locator}</arg>
<arg>${label}</arg>
<doc>Runs the given keyword with given arguments and returns the status as a Boolean value.</doc>
<kw name="Select From List By Label" library="SeleniumLibrary">
<arg>${locator}</arg>
<arg>${label}</arg>
<doc>Selects options from selection list ``locator`` by ``labels``.</doc>
<msg timestamp="20240124 18:00:59.126" level="INFO">Selecting options from selection list '//select[@id="idp_RelyingPartyDropDownList"]' by label qa-ops.rivexa.com.</msg>
<status status="PASS" starttime="20240124 18:00:59.125" endtime="20240124 18:00:59.284"/>
</kw>
<msg timestamp="20240124 18:00:59.285" level="INFO">${status} = True</msg>
<status status="PASS" starttime="20240124 18:00:59.124" endtime="20240124 18:00:59.285"/>
</kw>
<kw name="Run Keyword If" library="BuiltIn">
<arg>${status}==False</arg>
<arg>SeleniumLibrary.Wait Until Element Is Visible</arg>
<arg>//label[text()="${label}"]</arg>
<arg>${SHORT_WAIT}</arg>
<doc>Runs the given keyword with the given arguments, if ``condition`` is true.</doc>
<status status="PASS" starttime="20240124 18:00:59.286" endtime="20240124 18:00:59.286"/>
</kw>
<kw name="Run Keyword If" library="BuiltIn">
<arg>${status}==False</arg>
<arg>SeleniumLibrary.Click Element</arg>
<arg>//label[text()="${label}"]</arg>
<doc>Runs the given keyword with the given arguments, if ``condition`` is true.</doc>
<status status="PASS" starttime="20240124 18:00:59.288" endtime="20240124 18:00:59.289"/>
</kw>
<status status="PASS" starttime="20240124 18:00:57.061" endtime="20240124 18:00:59.289"/>
</kw>
<kw name="Wait Until Element Clickable And Click" library="common">
<arg>${button.mjadmin.signin.submit}</arg>
<kw name="Wait Until Keyword Succeeds" library="BuiltIn">
<arg>14s</arg>
<arg>${time_interval}</arg>
<arg>Javascript Click By Xpath</arg>
<arg>${locator}</arg>
<doc>Runs the specified keyword and retries if it fails.</doc>
<kw name="Javascript Click By Xpath" library="CustomLibrary">
<arg>${locator}</arg>
<status status="PASS" starttime="20240124 18:00:59.294" endtime="20240124 18:00:59.681"/>
</kw>
<status status="PASS" starttime="20240124 18:00:59.292" endtime="20240124 18:00:59.681"/>
</kw>
<status status="PASS" starttime="20240124 18:00:59.290" endtime="20240124 18:00:59.682"/>
</kw>
<kw name="Wait Until Element Is Visible" library="SeleniumLibrary">
<arg>//input[@id="userNameInput"]</arg>
<arg>${LONG_WAIT}</arg>
<arg>Login button is not visible</arg>
<doc>Waits until the element ``locator`` is visible.</doc>
<status status="PASS" starttime="20240124 18:00:59.682" endtime="20240124 18:00:59.740"/>
</kw>
<kw name="Input Text" library="SeleniumLibrary">
<arg>//input[@id="userNameInput"]</arg>
<arg>${MJ_USER}</arg>
<doc>Types the given ``text`` into the text field identified by ``locator``.</doc>
<msg timestamp="20240124 18:00:59.743" level="INFO">Typing text 'sowmya.vudimudi@mjunction.in' into text field '//input[@id="userNameInput"]'.</msg>
<status status="PASS" starttime="20240124 18:00:59.741" endtime="20240124 18:01:00.078"/>
</kw>
<kw name="Wait Until Keyword Succeeds" library="BuiltIn">
<arg>10s</arg>
<arg>2s</arg>
<arg>SeleniumLibrary.Input Text</arg>
<arg>//input[@id="passwordInput"]</arg>
<arg>${MJ_PSWD}</arg>
<doc>Runs the specified keyword and retries if it fails.</doc>
<kw name="Input Text" library="SeleniumLibrary">
<arg>//input[@id="passwordInput"]</arg>
<arg>${MJ_PSWD}</arg>
<doc>Types the given ``text`` into the text field identified by ``locator``.</doc>
<msg timestamp="20240124 18:01:00.081" level="INFO">Typing text 'vS@6381109092' into text field '//input[@id="passwordInput"]'.</msg>
<status status="PASS" starttime="20240124 18:01:00.080" endtime="20240124 18:01:00.211"/>
</kw>
<status status="PASS" starttime="20240124 18:01:00.079" endtime="20240124 18:01:00.211"/>
</kw>
<kw name="Wait Until Element Is Visible" library="SeleniumLibrary">
<arg>//Span[text()="Sign in"]</arg>
<arg>${SHORT_WAIT}</arg>
<arg>Sign in button is not visible after waiting ${Long_wait} seconds</arg>
<doc>Waits until the element ``locator`` is visible.</doc>
<status status="PASS" starttime="20240124 18:01:00.212" endtime="20240124 18:01:00.238"/>
</kw>
<kw name="Wait Until Element Clickable And Click" library="common">
<arg>//Span[text()="Sign in"]</arg>
<kw name="Wait Until Keyword Succeeds" library="BuiltIn">
<arg>14s</arg>
<arg>${time_interval}</arg>
<arg>Javascript Click By Xpath</arg>
<arg>${locator}</arg>
<doc>Runs the specified keyword and retries if it fails.</doc>
<kw name="Javascript Click By Xpath" library="CustomLibrary">
<arg>${locator}</arg>
<status status="PASS" starttime="20240124 18:01:00.242" endtime="20240124 18:01:02.375"/>
</kw>
<status status="PASS" starttime="20240124 18:01:00.241" endtime="20240124 18:01:02.376"/>
</kw>
<status status="PASS" starttime="20240124 18:01:00.239" endtime="20240124 18:01:02.376"/>
</kw>
<kw name="Wait Until Time" library="CustomLibrary">
<arg>2</arg>
<status status="PASS" starttime="20240124 18:01:02.377" endtime="20240124 18:01:04.389"/>
</kw>
<status status="PASS" starttime="20240124 18:00:56.934" endtime="20240124 18:01:04.390"/>
</kw>
<kw name="Navigate To The Menu" library="common">
<arg>${test_data}[Category]</arg>
<arg>${test_data}[Subcategory]</arg>
<kw name="Wait Until Element Is Visible" library="SeleniumLibrary">
<arg>//div[text()='${menu}']</arg>
<arg>${Long_Wait}</arg>
<arg>${menu} is not visible after waiting ${Long_Wait} seconds</arg>
<doc>Waits until the element ``locator`` is visible.</doc>
<status status="PASS" starttime="20240124 18:01:04.392" endtime="20240124 18:01:04.777"/>
</kw>
<kw name="Wait Until Element Clickable And Click" library="common">
<arg>//div[text()='${menu}']</arg>
<kw name="Wait Until Keyword Succeeds" library="BuiltIn">
<arg>14s</arg>
<arg>${time_interval}</arg>
<arg>Javascript Click By Xpath</arg>
<arg>${locator}</arg>
<doc>Runs the specified keyword and retries if it fails.</doc>
<kw name="Javascript Click By Xpath" library="CustomLibrary">
<arg>${locator}</arg>
<status status="PASS" starttime="20240124 18:01:04.781" endtime="20240124 18:01:05.048"/>
</kw>
<status status="PASS" starttime="20240124 18:01:04.779" endtime="20240124 18:01:05.048"/>
</kw>
<status status="PASS" starttime="20240124 18:01:04.778" endtime="20240124 18:01:05.049"/>
</kw>
<kw name="Wait Until Element Is Visible" library="SeleniumLibrary">
<arg>//span[contains(text(), '${submenu}')]</arg>
<arg>${Short_Wait}</arg>
<arg>${submenu} is not visible after waiting ${Long_Wait} seconds</arg>
<doc>Waits until the element ``locator`` is visible.</doc>
<status status="PASS" starttime="20240124 18:01:05.049" endtime="20240124 18:01:05.227"/>
</kw>
<status status="PASS" starttime="20240124 18:01:04.390" endtime="20240124 18:01:05.227"/>
</kw>
<kw name="Navigate To User Profile" library="Buyer">
<arg>${test_data}[Term]</arg>
<arg>${test_data}[Label]</arg>
<arg>Sellers</arg>
<kw name="Wait Until Element Is Visible" library="SeleniumLibrary">
<arg>//span[text()="${user}"]</arg>
<arg>${Short_Wait}</arg>
<arg>${user} radio button is not visible after waiting ${Long_wait} seconds</arg>
<doc>Waits until the element ``locator`` is visible.</doc>
<status status="PASS" starttime="20240124 18:01:05.231" endtime="20240124 18:01:05.333"/>
</kw>
<kw name="Wait Until Element Clickable And Click" library="common">
<arg>//span[text()="${user}"]</arg>
<kw name="Wait Until Keyword Succeeds" library="BuiltIn">
<arg>14s</arg>
<arg>${time_interval}</arg>
<arg>Javascript Click By Xpath</arg>
<arg>${locator}</arg>
<doc>Runs the specified keyword and retries if it fails.</doc>
<kw name="Javascript Click By Xpath" library="CustomLibrary">
<arg>${locator}</arg>
<status status="PASS" starttime="20240124 18:01:05.336" endtime="20240124 18:01:05.392"/>
</kw>
<status status="PASS" starttime="20240124 18:01:05.335" endtime="20240124 18:01:05.392"/>
</kw>
<status status="PASS" starttime="20240124 18:01:05.333" endtime="20240124 18:01:05.393"/>
</kw>
<kw name="Run Keyword And Return Status" library="BuiltIn">
<var>${status}</var>
<arg>SeleniumLibrary.Wait Until Element Is Visible</arg>
<arg>(//div[@data-field="${field}"])[2]</arg>
<arg>${Short_Wait}</arg>
<arg>Buyer id is not visible after waiting ${Long_wait} seconds</arg>
<doc>Runs the given keyword with given arguments and returns the status as a Boolean value.</doc>
<kw name="Wait Until Element Is Visible" library="SeleniumLibrary">
<arg>(//div[@data-field="${field}"])[2]</arg>
<arg>${Short_Wait}</arg>
<arg>Buyer id is not visible after waiting ${Long_wait} seconds</arg>
<doc>Waits until the element ``locator`` is visible.</doc>
<status status="PASS" starttime="20240124 18:01:05.394" endtime="20240124 18:01:06.291"/>
</kw>
<msg timestamp="20240124 18:01:06.292" level="INFO">${status} = True</msg>
<status status="PASS" starttime="20240124 18:01:05.393" endtime="20240124 18:01:06.292"/>
</kw>
<kw name="Run Keyword If" library="BuiltIn">
<arg>${status}==False</arg>
<arg>Wait Until Element Clickable and Click</arg>
<arg>//span[text()="${user_option}"]</arg>
<doc>Runs the given keyword with the given arguments, if ``condition`` is true.</doc>
<status status="PASS" starttime="20240124 18:01:06.293" endtime="20240124 18:01:06.294"/>
</kw>
<kw name="Run Keyword If" library="BuiltIn">
<arg>${status}==False</arg>
<arg>Wait Until Element Clickable and Click</arg>
<arg>//span[text()="${user}"]</arg>
<doc>Runs the given keyword with the given arguments, if ``condition`` is true.</doc>
<status status="PASS" starttime="20240124 18:01:06.294" endtime="20240124 18:01:06.295"/>
</kw>
<kw name="Wait Until Element Is Visible" library="SeleniumLibrary">
<arg>(//div[@data-field="${field}"])[2]</arg>
<arg>${Short_Wait}</arg>
<arg>Buyer id is not visible after waiting ${Long_wait} seconds</arg>
<doc>Waits until the element ``locator`` is visible.</doc>
<status status="PASS" starttime="20240124 18:01:06.296" endtime="20240124 18:01:06.427"/>
</kw>
<kw name="Wait Until Time" library="CustomLibrary">
<arg>3</arg>
<status status="PASS" starttime="20240124 18:01:06.428" endtime="20240124 18:01:09.429"/>
</kw>
<kw name="Get Text" library="SeleniumLibrary">
<var>${address_name}</var>
<arg>(//div[@class="MuiDataGrid-row"]//following::div[text()][3])[1]</arg>
<doc>Returns the text value of the element identified by ``locator``.</doc>
<msg timestamp="20240124 18:01:09.498" level="INFO">${address_name} = aa</msg>
<status status="PASS" starttime="20240124 18:01:09.431" endtime="20240124 18:01:09.499"/>
</kw>
<kw name="Set Test Variable" library="BuiltIn">
<arg>${address_name}</arg>
<doc>Makes a variable available everywhere within the scope of the current test.</doc>
<msg timestamp="20240124 18:01:09.502" level="INFO">${address_name} = aa</msg>
<status status="PASS" starttime="20240124 18:01:09.499" endtime="20240124 18:01:09.502"/>
</kw>
<kw name="Wait Until Keyword Succeeds" library="BuiltIn">
<arg>14s</arg>
<arg>2s</arg>
<arg>Wait Until Element Clickable and Click</arg>
<arg>(//div[@data-field="${field}"])[2]</arg>
<doc>Runs the specified keyword and retries if it fails.</doc>
<kw name="Wait Until Element Clickable And Click" library="common">
<arg>(//div[@data-field="${field}"])[2]</arg>
<kw name="Wait Until Keyword Succeeds" library="BuiltIn">
<arg>14s</arg>
<arg>${time_interval}</arg>
<arg>Javascript Click By Xpath</arg>
<arg>${locator}</arg>
<doc>Runs the specified keyword and retries if it fails.</doc>
<kw name="Javascript Click By Xpath" library="CustomLibrary">
<arg>${locator}</arg>
<status status="PASS" starttime="20240124 18:01:09.507" endtime="20240124 18:01:09.654"/>
</kw>
<status status="PASS" starttime="20240124 18:01:09.505" endtime="20240124 18:01:09.654"/>
</kw>
<status status="PASS" starttime="20240124 18:01:09.504" endtime="20240124 18:01:09.655"/>
</kw>
<status status="PASS" starttime="20240124 18:01:09.503" endtime="20240124 18:01:09.655"/>
</kw>
<kw name="Wait Until Time" library="CustomLibrary">
<arg>5</arg>
<status status="PASS" starttime="20240124 18:01:09.655" endtime="20240124 18:01:14.662"/>
</kw>
<kw name="Get Text" library="SeleniumLibrary">
<var>${address_name1}</var>
<arg>(//div[@class="outer-container"]//span[text()])[1]</arg>
<doc>Returns the text value of the element identified by ``locator``.</doc>
<msg timestamp="20240124 18:01:14.725" level="INFO">${address_name1} = aa</msg>
<status status="PASS" starttime="20240124 18:01:14.663" endtime="20240124 18:01:14.726"/>
</kw>
<kw name="Set Test Variable" library="BuiltIn">
<arg>${address_name1}</arg>
<doc>Makes a variable available everywhere within the scope of the current test.</doc>
<msg timestamp="20240124 18:01:14.727" level="INFO">${address_name1} = aa</msg>
<status status="PASS" starttime="20240124 18:01:14.726" endtime="20240124 18:01:14.727"/>
</kw>
<kw name="Wait Until Time" library="CustomLibrary">
<arg>1</arg>
<status status="PASS" starttime="20240124 18:01:14.728" endtime="20240124 18:01:15.742"/>
</kw>
<kw name="Run Keyword And Return Status" library="BuiltIn">
<var>${status}</var>
<arg>Should Be Equal</arg>
<arg>${address_name}</arg>
<arg>${address_name1}</arg>
<doc>Runs the given keyword with given arguments and returns the status as a Boolean value.</doc>
<kw name="Should Be Equal" library="BuiltIn">
<arg>${address_name}</arg>
<arg>${address_name1}</arg>
<doc>Fails if the given objects are unequal.</doc>
<status status="PASS" starttime="20240124 18:01:15.744" endtime="20240124 18:01:15.746"/>
</kw>
<msg timestamp="20240124 18:01:15.747" level="INFO">${status} = True</msg>
<status status="PASS" starttime="20240124 18:01:15.743" endtime="20240124 18:01:15.747"/>
</kw>
<kw name="Run Keyword If" library="BuiltIn">
<arg>${status}==False</arg>
<arg>LOG</arg>
<arg>${user} Name is not matched</arg>
<doc>Runs the given keyword with the given arguments, if ``condition`` is true.</doc>
<status status="PASS" starttime="20240124 18:01:15.747" endtime="20240124 18:01:15.748"/>
</kw>
<kw name="Run Keyword If" library="BuiltIn">
<arg>${status}==True</arg>
<arg>LOG</arg>
<arg>${user} name is matched</arg>
<doc>Runs the given keyword with the given arguments, if ``condition`` is true.</doc>
<kw name="Log" library="BuiltIn">
<arg>${user} name is matched</arg>
<doc>Logs the given message with the given level.</doc>
<msg timestamp="20240124 18:01:15.751" level="INFO">Buyers name is matched</msg>
<status status="PASS" starttime="20240124 18:01:15.750" endtime="20240124 18:01:15.753"/>
</kw>
<status status="PASS" starttime="20240124 18:01:15.749" endtime="20240124 18:01:15.753"/>
</kw>
<status status="PASS" starttime="20240124 18:01:05.229" endtime="20240124 18:01:15.754"/>
</kw>
<kw name="Validate Approving The User" library="Buyer">
<arg>${test_data}[Button]</arg>
<kw name="Wait Until Element Is Visible" library="SeleniumLibrary">
<arg>${button.mjadmin.ratings}</arg>
<arg>${Short_Wait}</arg>
<arg>Rating field is not visible</arg>
<doc>Waits until the element ``locator`` is visible.</doc>
<status status="PASS" starttime="20240124 18:01:15.759" endtime="20240124 18:01:15.904"/>
</kw>
<kw name="Wait Until Element Clickable And Click" library="common">
<arg>${button.mjadmin.ratings}</arg>
<kw name="Wait Until Keyword Succeeds" library="BuiltIn">
<arg>14s</arg>
<arg>${time_interval}</arg>
<arg>Javascript Click By Xpath</arg>
<arg>${locator}</arg>
<doc>Runs the specified keyword and retries if it fails.</doc>
<kw name="Javascript Click By Xpath" library="CustomLibrary">
<arg>${locator}</arg>
<status status="PASS" starttime="20240124 18:01:15.909" endtime="20240124 18:01:16.020"/>
</kw>
<status status="PASS" starttime="20240124 18:01:15.907" endtime="20240124 18:01:16.021"/>
</kw>
<status status="PASS" starttime="20240124 18:01:15.905" endtime="20240124 18:01:16.021"/>
</kw>
<kw name="Validate Button Functionality" library="common">
<arg>Ratings &amp; review</arg>
<arg>${button}</arg>
<kw name="Wait Until Element Is Visible" library="SeleniumLibrary">
<arg>//div[text()='${sdetails}']</arg>
<arg>${Long_Wait}</arg>
<arg>${sdetails}is not visible after waiting ${LONG_WAIT} seconds</arg>
<doc>Waits until the element ``locator`` is visible.</doc>
<status status="PASS" starttime="20240124 18:01:16.023" endtime="20240124 18:01:16.077"/>
</kw>
<kw name="Wait Until Element Is Visible" library="SeleniumLibrary">
<arg>//button[text()="${button}"]</arg>
<arg>${Long_Wait}</arg>
<arg>${button} is not visible after waiting ${Long_Wait} seconds</arg>
<doc>Waits until the element ``locator`` is visible.</doc>
<status status="PASS" starttime="20240124 18:01:16.078" endtime="20240124 18:01:16.156"/>
</kw>
<kw name="Wait Until Keyword Succeeds" library="BuiltIn">
<arg>10s</arg>
<arg>2s</arg>
<arg>SeleniumLibrary.Click Element</arg>
<arg>//button[text()="${button}"]</arg>
<doc>Runs the specified keyword and retries if it fails.</doc>
<kw name="Click Element" library="SeleniumLibrary">
<arg>//button[text()="${button}"]</arg>
<doc>Click the element identified by ``locator``.</doc>
<msg timestamp="20240124 18:01:16.160" level="INFO">Clicking element '//button[text()="Manage Profile Status"]'.</msg>
<status status="PASS" starttime="20240124 18:01:16.157" endtime="20240124 18:01:16.348"/>
</kw>
<status status="PASS" starttime="20240124 18:01:16.156" endtime="20240124 18:01:16.348"/>
</kw>
<kw name="Run Keyword If" library="BuiltIn">
<arg>'${page_name}'!='None'</arg>
<arg>SeleniumLibrary.Wait Until Element Is Visible</arg>
<arg>${button.register.success.popup}</arg>
<arg>${Short_Wait}</arg>
<arg>Skip to Profile is not visible after waiting for ${Short_Wait}</arg>
<doc>Runs the given keyword with the given arguments, if ``condition`` is true.</doc>
<status status="PASS" starttime="20240124 18:01:16.349" endtime="20240124 18:01:16.350"/>
</kw>
<kw name="Run Keyword If" library="BuiltIn">
<arg>'${page_name}'!='None'</arg>
<arg>Wait Until Element Clickable And Click</arg>
<arg>${button.register.success.popup}</arg>
<doc>Runs the given keyword with the given arguments, if ``condition`` is true.</doc>
<status status="PASS" starttime="20240124 18:01:16.350" endtime="20240124 18:01:16.351"/>
</kw>
<status status="PASS" starttime="20240124 18:01:16.022" endtime="20240124 18:01:16.352"/>
</kw>
<kw name="Run Keyword If" library="BuiltIn">
<arg>'${user}'=='seller'</arg>
<arg>SeleniumLibrary.Wait Until Element Is Visible</arg>
<arg>${label.mjadmin.ratings.trustscore}</arg>
<arg>${Short_Wait}</arg>
<arg>Trust Score page is not visible after waiting ${Short_Wait}</arg>
<doc>Runs the given keyword with the given arguments, if ``condition`` is true.</doc>
<status status="PASS" starttime="20240124 18:01:16.352" endtime="20240124 18:01:16.354"/>
</kw>
<kw name="Run Keyword If" library="BuiltIn">
<arg>'${user}'=='seller'</arg>
<arg>Validate Button functionality</arg>
<arg>Manage Profile Trust Score</arg>
<arg>Cancel</arg>
<doc>Runs the given keyword with the given arguments, if ``condition`` is true.</doc>
<status status="PASS" starttime="20240124 18:01:16.354" endtime="20240124 18:01:16.355"/>
</kw>
<kw name="Run Keyword If" library="BuiltIn">
<arg>'${user}'=='seller'</arg>
<arg>Validate Button functionality</arg>
<arg>Ratings &amp; review</arg>
<arg>${button}</arg>
<doc>Runs the given keyword with the given arguments, if ``condition`` is true.</doc>
<status status="PASS" starttime="20240124 18:01:16.356" endtime="20240124 18:01:16.357"/>
</kw>
<kw name="Run Keyword If" library="BuiltIn">
<arg>'${user}'=='seller'</arg>
<arg>SeleniumLibrary.Wait Until Element Is Visible</arg>
<arg>${button.mjadmin.ratings.page}</arg>
<arg>${Long_Wait}</arg>
<arg>Manufacturing Score is not visible after waiting ${Short_Wait}</arg>
<doc>Runs the given keyword with the given arguments, if ``condition`` is true.</doc>
<status status="PASS" starttime="20240124 18:01:16.357" endtime="20240124 18:01:16.359"/>
</kw>
<kw name="Run Keyword If" library="BuiltIn">
<arg>'${user}'=='seller'</arg>
<arg>Wait Until Keyword Succeeds</arg>
<arg>12s</arg>
<arg>2s</arg>
<arg>Wait Until Element Clickable and Click</arg>
<arg>(//span[text()="${rate1} Stars"])[1]</arg>
<doc>Runs the given keyword with the given arguments, if ``condition`` is true.</doc>
<status status="PASS" starttime="20240124 18:01:16.359" endtime="20240124 18:01:16.361"/>
</kw>
<kw name="Run Keyword If" library="BuiltIn">
<arg>'${user}'=='seller'</arg>
<arg>Wait Until Keyword Succeeds</arg>
<arg>12s</arg>
<arg>2s</arg>
<arg>Wait Until Element Clickable and Click</arg>
<arg>(//span[text()="${rate2} Stars"])[2]</arg>
<doc>Runs the given keyword with the given arguments, if ``condition`` is true.</doc>
<status status="PASS" starttime="20240124 18:01:16.362" endtime="20240124 18:01:16.364"/>
</kw>
<kw name="Run Keyword If" library="BuiltIn">
<arg>'${user}'=='seller'</arg>
<arg>Wait Until Keyword Succeeds</arg>
<arg>12s</arg>
<arg>2s</arg>
<arg>Wait Until Element Clickable and Click</arg>
<arg>(//span[text()="${rate3} Stars"])[3]</arg>
<doc>Runs the given keyword with the given arguments, if ``condition`` is true.</doc>
<status status="PASS" starttime="20240124 18:01:16.364" endtime="20240124 18:01:16.366"/>
</kw>
<kw name="Run Keyword If" library="BuiltIn">
<arg>'${user}'=='seller'</arg>
<arg>Wait Until Keyword Succeeds</arg>
<arg>12s</arg>
<arg>2s</arg>
<arg>Wait Until Element Clickable and Click</arg>
<arg>(//span[text()="${rate4} Stars"])[4]</arg>
<doc>Runs the given keyword with the given arguments, if ``condition`` is true.</doc>
<status status="PASS" starttime="20240124 18:01:16.367" endtime="20240124 18:01:16.368"/>
</kw>
<kw name="Run Keyword If" library="BuiltIn">
<arg>'${user}'=='seller'</arg>
<arg>Wait Until Keyword Succeeds</arg>
<arg>12s</arg>
<arg>2s</arg>
<arg>Wait Until Element Clickable and Click</arg>
<arg>(//span[text()="${rate5} Stars"])[5]</arg>
<doc>Runs the given keyword with the given arguments, if ``condition`` is true.</doc>
<status status="PASS" starttime="20240124 18:01:16.369" endtime="20240124 18:01:16.369"/>
</kw>
<kw name="Run Keyword If" library="BuiltIn">
<arg>'${user}'=='seller'</arg>
<arg>Wait Until Keyword Succeeds</arg>
<arg>12s</arg>
<arg>2s</arg>
<arg>Wait Until Element Clickable and Click</arg>
<arg>(//span[text()="${rate6} Stars"])[6]</arg>
<doc>Runs the given keyword with the given arguments, if ``condition`` is true.</doc>
<status status="PASS" starttime="20240124 18:01:16.370" endtime="20240124 18:01:16.371"/>
</kw>
<kw name="Run Keyword If" library="BuiltIn">
<arg>'${user}'=='seller'</arg>
<arg>Validate Button functionality</arg>
<arg>Manage Profile Trust Score</arg>
<arg>Submit</arg>
<doc>Runs the given keyword with the given arguments, if ``condition`` is true.</doc>
<status status="PASS" starttime="20240124 18:01:16.371" endtime="20240124 18:01:16.372"/>
</kw>
<kw name="Wait Until Element Is Visible" library="SeleniumLibrary">
<arg>${label.mjadmin.ratings.status}</arg>
<arg>${Short_Wait}</arg>
<arg>Rating field is not visible</arg>
<doc>Waits until the element ``locator`` is visible.</doc>
<status status="PASS" starttime="20240124 18:01:16.373" endtime="20240124 18:01:16.428"/>
</kw>
<kw name="Click And Select Dropdown" library="common">
<arg>${dropdown.mjadmin.ratings.status}</arg>
<arg>Approved</arg>
<kw name="Wait Until Element Is Visible" library="SeleniumLibrary">
<arg>${locator}</arg>
<arg>${Short_Wait}</arg>
<arg>Dropdown was not visible</arg>
<doc>Waits until the element ``locator`` is visible.</doc>
<status status="PASS" starttime="20240124 18:01:16.430" endtime="20240124 18:01:16.506"/>
</kw>
<kw name="Click Element" library="SeleniumLibrary">
<arg>${locator}</arg>
<doc>Click the element identified by ``locator``.</doc>
<msg timestamp="20240124 18:01:16.508" level="INFO">Clicking element '//div[@role="combobox"]'.</msg>
<status status="PASS" starttime="20240124 18:01:16.507" endtime="20240124 18:01:16.707"/>
</kw>
<kw name="Wait Until Time" library="CustomLibrary">
<arg>1</arg>
<status status="PASS" starttime="20240124 18:01:16.708" endtime="20240124 18:01:17.724"/>
</kw>
<kw name="Run Keyword And Return Status" library="BuiltIn">
<var>${status}</var>
<arg>SeleniumLibrary.Select From List By Label</arg>
<arg>${locator}</arg>
<arg>${label}</arg>
<doc>Runs the given keyword with given arguments and returns the status as a Boolean value.</doc>
<kw name="Select From List By Label" library="SeleniumLibrary">
<arg>${locator}</arg>
<arg>${label}</arg>
<doc>Selects options from selection list ``locator`` by ``labels``.</doc>
<msg timestamp="20240124 18:01:17.727" level="INFO">Selecting options from selection list '//div[@role="combobox"]' by label Approved.</msg>
<msg timestamp="20240124 18:01:18.029" level="INFO" html="true">&lt;/td&gt;&lt;/tr&gt;&lt;tr&gt;&lt;td colspan="3"&gt;&lt;a href="selenium-screenshot-4.png"&gt;&lt;img src="selenium-screenshot-4.png" width="800px"&gt;&lt;/a&gt;</msg>
<msg timestamp="20240124 18:01:18.029" level="FAIL">List with locator '//div[@role="combobox"]' not found.</msg>
<status status="FAIL" starttime="20240124 18:01:17.726" endtime="20240124 18:01:18.047"/>
</kw>
<msg timestamp="20240124 18:01:18.049" level="INFO">${status} = False</msg>
<status status="PASS" starttime="20240124 18:01:17.725" endtime="20240124 18:01:18.049"/>
</kw>
<kw name="Run Keyword If" library="BuiltIn">
<arg>${status}==False</arg>
<arg>SeleniumLibrary.Wait Until Element Is Visible</arg>
<arg>//li[text()='${label}']</arg>
<arg>${Short_Wait}</arg>
<arg>List was not visible</arg>
<doc>Runs the given keyword with the given arguments, if ``condition`` is true.</doc>
<kw name="Wait Until Element Is Visible" library="SeleniumLibrary">
<arg>//li[text()='${label}']</arg>
<arg>${Short_Wait}</arg>
<arg>List was not visible</arg>
<doc>Waits until the element ``locator`` is visible.</doc>
<status status="PASS" starttime="20240124 18:01:18.055" endtime="20240124 18:01:18.174"/>
</kw>
<status status="PASS" starttime="20240124 18:01:18.051" endtime="20240124 18:01:18.175"/>
</kw>
<kw name="Run Keyword If" library="BuiltIn">
<arg>${status}==False</arg>
<arg>SeleniumLibrary.Click Element</arg>
<arg>//li[text()='${label}']</arg>
<doc>Runs the given keyword with the given arguments, if ``condition`` is true.</doc>
<kw name="Click Element" library="SeleniumLibrary">
<arg>//li[text()='${label}']</arg>
<doc>Click the element identified by ``locator``.</doc>
<msg timestamp="20240124 18:01:18.179" level="INFO">Clicking element '//li[text()='Approved']'.</msg>
<msg timestamp="20240124 18:01:19.546" level="INFO" html="true">&lt;/td&gt;&lt;/tr&gt;&lt;tr&gt;&lt;td colspan="3"&gt;&lt;a href="selenium-screenshot-5.png"&gt;&lt;img src="selenium-screenshot-5.png" width="800px"&gt;&lt;/a&gt;</msg>
<msg timestamp="20240124 18:01:19.546" level="FAIL">ElementClickInterceptedException: Message: element click intercepted: Element &lt;li class="MuiButtonBase-root MuiMenuItem-root MuiMenuItem-gutters MuiMenuItem-root MuiMenuItem-gutters css-1u4jbqb" tabindex="-1" role="option" aria-selected="false" data-value="Approved"&gt;...&lt;/li&gt; is not clickable at point (767, 385). Other element would receive the click: &lt;textarea class="status_text_area css-1saaant" placeholder=""&gt;&lt;/textarea&gt;
  (Session info: chrome=120.0.6099.225)
Stacktrace:
	GetHandleVerifier [0x00706EE3+174339]
	(No symbol) [0x00630A51]
	(No symbol) [0x00346FF6]
	(No symbol) [0x0037E48E]
	(No symbol) [0x0037D09E]
	(No symbol) [0x0037B5F8]
	(No symbol) [0x0037AD7F]
	(No symbol) [0x00372B4E]
	(No symbol) [0x0039700C]
	(No symbol) [0x003725B0]
	(No symbol) [0x00397414]
	(No symbol) [0x003AA104]
	(No symbol) [0x00396DA6]
	(No symbol) [0x00371034]
	(No symbol) [0x00371F8D]
	GetHandleVerifier [0x007A4B1C+820540]
	sqlite3_dbdata_init [0x008653EE+653550]
	sqlite3_dbdata_init [0x00864E09+652041]
	sqlite3_dbdata_init [0x008597CC+605388]
	sqlite3_dbdata_init [0x00865D9B+656027]
	(No symbol) [0x0063FE6C]
	(No symbol) [0x006383B8]
	(No symbol) [0x006384DD]
	(No symbol) [0x00625818]
	BaseThreadInitThunk [0x75627BA9+25]
	RtlInitializeExceptionChain [0x7718BD2B+107]
	RtlClearBits [0x7718BCAF+191]
</msg>
<status status="FAIL" starttime="20240124 18:01:18.177" endtime="20240124 18:01:19.590"/>
</kw>
<status status="FAIL" starttime="20240124 18:01:18.176" endtime="20240124 18:01:19.590"/>
</kw>
<status status="FAIL" starttime="20240124 18:01:16.429" endtime="20240124 18:01:19.590"/>
</kw>
<kw name="Validate Button Functionality" library="common">
<arg>Remarks</arg>
<arg>Save</arg>
<status status="NOT RUN" starttime="20240124 18:01:19.591" endtime="20240124 18:01:19.592"/>
</kw>
<status status="FAIL" starttime="20240124 18:01:15.757" endtime="20240124 18:01:19.592"/>
</kw>
<kw name="Close Application" library="common" type="TEARDOWN">
<kw name="Wait Until Time" library="CustomLibrary">
<arg>2</arg>
<status status="PASS" starttime="20240124 18:01:19.607" endtime="20240124 18:01:21.609"/>
</kw>
<kw name="Close All Browsers" library="SeleniumLibrary">
<doc>Closes all open browsers and resets the browser cache.</doc>
<status status="PASS" starttime="20240124 18:01:21.610" endtime="20240124 18:01:24.565"/>
</kw>
<status status="PASS" starttime="20240124 18:01:19.604" endtime="20240124 18:01:24.566"/>
</kw>
<tag>P1</tag>
<status status="FAIL" starttime="20240124 18:00:50.393" endtime="20240124 18:01:24.567">ElementClickInterceptedException: Message: element click intercepted: Element &lt;li class="MuiButtonBase-root MuiMenuItem-root MuiMenuItem-gutters MuiMenuItem-root MuiMenuItem-gutters css-1u4jbqb" tabindex="-1" role="option" aria-selected="false" data-value="Approved"&gt;...&lt;/li&gt; is not clickable at point (767, 385). Other element would receive the click: &lt;textarea class="status_text_area css-1saaant" placeholder=""&gt;&lt;/textarea&gt;
  (Session info: chrome=120.0.6099.225)
Stacktrace:
	GetHandleVerifier [0x00706EE3+174339]
	(No symbol) [0x00630A51]
	(No symbol) [0x00346FF6]
	(No symbol) [0x0037E48E]
	(No symbol) [0x0037D09E]
	(No symbol) [0x0037B5F8]
	(No symbol) [0x0037AD7F]
	(No symbol) [0x00372B4E]
	(No symbol) [0x0039700C]
	(No symbol) [0x003725B0]
	(No symbol) [0x00397414]
	(No symbol) [0x003AA104]
	(No symbol) [0x00396DA6]
	(No symbol) [0x00371034]
	(No symbol) [0x00371F8D]
	GetHandleVerifier [0x007A4B1C+820540]
	sqlite3_dbdata_init [0x008653EE+653550]
	sqlite3_dbdata_init [0x00864E09+652041]
	sqlite3_dbdata_init [0x008597CC+605388]
	sqlite3_dbdata_init [0x00865D9B+656027]
	(No symbol) [0x0063FE6C]
	(No symbol) [0x006383B8]
	(No symbol) [0x006384DD]
	(No symbol) [0x00625818]
	BaseThreadInitThunk [0x75627BA9+25]
	RtlInitializeExceptionChain [0x7718BD2B+107]
	RtlClearBits [0x7718BCAF+191]
</status>
</test>
<status status="FAIL" starttime="20240124 18:00:47.032" endtime="20240124 18:01:24.579"/>
</suite>
<statistics>
<total>
<stat pass="0" fail="1" skip="0">All Tests</stat>
</total>
<tag>
<stat pass="0" fail="1" skip="0">P1</stat>
</tag>
<suite>
<stat pass="0" fail="1" skip="0" id="s1" name="Buyer Login">Buyer Login</stat>
</suite>
</statistics>
<errors>
<msg timestamp="20240124 18:00:50.385" level="ERROR">Error in file 'd:\RobotScriptRivexa\RobotScript_rivexa\Object_Repository\Web\dropdown.resource' on line 7: Setting variable '${dropdown.listofcountry}' failed: Variable '${CountryDropdown}' not found.</msg>
</errors>
</robot>
